<?xml version="1.0" encoding="UTF-8"?>
<testng-results ignored="0" total="2" passed="2" failed="0" skipped="0">
  <reporter-output>
  </reporter-output>
  <suite started-at="2021-05-07T13:56:58 ICT" name="Default suite" finished-at="2021-05-07T13:57:18 ICT" duration-ms="19731">
    <groups>
    </groups>
    <test started-at="2021-05-07T13:56:58 ICT" name="Default test" finished-at="2021-05-07T13:57:18 ICT" duration-ms="19731">
      <class name="Product.Detail_Product">
        <test-method is-config="true" signature="beforeClass()[pri:0, instance:Product.Detail_Product@625732]" started-at="2021-05-07T13:56:58 ICT" name="beforeClass" finished-at="2021-05-07T13:57:01 ICT" duration-ms="3295" status="PASS">
          <reporter-output>
          </reporter-output>
        </test-method> <!-- beforeClass -->
        <test-method signature="Login()[pri:1, instance:Product.Detail_Product@625732]" started-at="2021-05-07T13:57:01 ICT" name="Login" description="login with usernam and password" finished-at="2021-05-07T13:57:15 ICT" duration-ms="14029" status="PASS">
          <reporter-output>
          </reporter-output>
        </test-method> <!-- Login -->
        <test-method signature="Detail_product()[pri:2, instance:Product.Detail_Product@625732]" started-at="2021-05-07T13:57:15 ICT" name="Detail_product" description="detail product" finished-at="2021-05-07T13:57:18 ICT" duration-ms="2196" status="PASS">
          <reporter-output>
          </reporter-output>
        </test-method> <!-- Detail_product -->
        <test-method is-config="true" signature="afterClass()[pri:0, instance:Product.Detail_Product@625732]" started-at="2021-05-07T13:57:18 ICT" name="afterClass" finished-at="2021-05-07T13:57:18 ICT" duration-ms="171" status="PASS">
          <reporter-output>
          </reporter-output>
        </test-method> <!-- afterClass -->
      </class> <!-- Product.Detail_Product -->
    </test> <!-- Default test -->
  </suite> <!-- Default suite -->
</testng-results>
