<?xml version="1.0" encoding="UTF-8"?>
<testng-results ignored="0" total="1" passed="1" failed="0" skipped="0">
  <reporter-output>
  </reporter-output>
  <suite started-at="2021-05-06T15:19:46 ICT" name="Default suite" finished-at="2021-05-06T15:20:01 ICT" duration-ms="15020">
    <groups>
    </groups>
    <test started-at="2021-05-06T15:19:46 ICT" name="Default test" finished-at="2021-05-06T15:20:01 ICT" duration-ms="15020">
      <class name="Verify_Link.Verify_Privacy_Policy">
        <test-method is-config="true" signature="beforeClass()[pri:0, instance:Verify_Link.Verify_Privacy_Policy@1a4013]" started-at="2021-05-06T15:19:46 ICT" name="beforeClass" finished-at="2021-05-06T15:19:50 ICT" duration-ms="3717" status="PASS">
          <reporter-output>
          </reporter-output>
        </test-method> <!-- beforeClass -->
        <test-method signature="Privacy_Policy()[pri:0, instance:Verify_Link.Verify_Privacy_Policy@1a4013]" started-at="2021-05-06T15:19:50 ICT" name="Privacy_Policy" finished-at="2021-05-06T15:19:57 ICT" duration-ms="7031" status="PASS">
          <reporter-output>
          </reporter-output>
        </test-method> <!-- Privacy_Policy -->
        <test-method is-config="true" signature="afterClass()[pri:0, instance:Verify_Link.Verify_Privacy_Policy@1a4013]" started-at="2021-05-06T15:19:57 ICT" name="afterClass" finished-at="2021-05-06T15:20:01 ICT" duration-ms="4197" status="PASS">
          <reporter-output>
          </reporter-output>
        </test-method> <!-- afterClass -->
      </class> <!-- Verify_Link.Verify_Privacy_Policy -->
    </test> <!-- Default test -->
  </suite> <!-- Default suite -->
</testng-results>
